<?xml version="1.0" encoding="UTF-8"?>
<!-- Generated by org.testng.reporters.JUnitReportReporter -->
<testsuite hostname="Anees" failures="0" tests="6" name="com.qa.testSCripts.HomePageTest" time="12.913" errors="0" timestamp="2024-09-01T00:38:08 IST" skipped="0">
  <testcase classname="com.qa.testSCripts.HomePageTest" name="verifyHeaderMenue" time="10.052"/>
  <system-out/>
  <testcase classname="com.qa.testSCripts.HomePageTest" name="verifyHeroWidgetMenue" time="0.066"/>
  <system-out>
    <![CDATA[User able to see Umrah package Title and Sub Title
User clicked on Contact us button in hero widget module]]>
  </system-out>
  <testcase classname="com.qa.testSCripts.HomePageTest" name="verifyGrowExponentiallyMenue" time="2.777"/>
  <system-out>
    <![CDATA[User able to see Title and Sub Title ]]>
  </system-out>
  <testcase classname="com.qa.testSCripts.HomePageTest" name="verifyOurServicesMenue" time="0.005"/>
  <system-out/>
  <testcase classname="com.qa.testSCripts.HomePageTest" name="verifyAboutMenue" time="0.009"/>
  <system-out/>
  <testcase classname="com.qa.testSCripts.HomePageTest" name="verifyFooterMenue" time="0.004"/>
  <system-out/>
</testsuite> <!-- com.qa.testSCripts.HomePageTest -->
