<?xml version="1.0" encoding="UTF-8"?>
<!-- Generated by org.testng.reporters.JUnitReportReporter -->
<testsuite hostname="Anees" failures="0" tests="1" name="com.qa.testSCripts.TC_HomePage" time="2.550" errors="0" timestamp="2024-07-21T17:30:36 IST" skipped="0">
  <testcase classname="com.qa.testSCripts.TC_HomePage" name="verifyGrowExponentiallyMenue" time="2.550"/>
  <system-out/>
</testsuite> <!-- com.qa.testSCripts.TC_HomePage -->
