<?xml version="1.0" encoding="UTF-8"?>
<!-- Generated by org.testng.reporters.JUnitReportReporter -->
<testsuite hostname="Anees" failures="0" tests="5" name="com.qa.testSCripts.VisaServiceTest" time="3.164" errors="0" timestamp="2024-10-12T13:34:16 IST" skipped="0">
  <testcase classname="com.qa.testSCripts.VisaServiceTest" name="verifyVisaPageTitle" time="0.401"/>
  <system-out>
    <![CDATA[User clicked on the Visa Services]]>
  </system-out>
  <testcase classname="com.qa.testSCripts.VisaServiceTest" name="verifyVisitVisa" time="1.002"/>
  <system-out/>
  <testcase classname="com.qa.testSCripts.VisaServiceTest" name="verifyVisaChangeByAir" time="0.615"/>
  <system-out/>
  <testcase classname="com.qa.testSCripts.VisaServiceTest" name="verifyFamilyVisa" time="0.514"/>
  <system-out/>
  <testcase classname="com.qa.testSCripts.VisaServiceTest" name="verifyVisaChangeByBus" time="0.632"/>
  <system-out/>
</testsuite> <!-- com.qa.testSCripts.VisaServiceTest -->
