<?xml version="1.0" encoding="UTF-8"?>
<!-- Generated by org.testng.reporters.JUnitReportReporter -->
<testsuite hostname="Anees" failures="0" tests="8" name="com.qa.testSCripts.TC_HomePage" time="12.389" errors="0" timestamp="2024-07-21T21:20:45 IST" skipped="0">
  <testcase classname="com.qa.testSCripts.TC_HomePage" name="verifyNavigationMenue" time="9.758"/>
  <system-out/>
  <testcase classname="com.qa.testSCripts.TC_HomePage" name="verifyHer0WidgetMenue" time="0.078"/>
  <system-out/>
  <testcase classname="com.qa.testSCripts.TC_HomePage" name="verifyGrowExponentiallyMenue" time="2.553"/>
  <system-out/>
  <testcase classname="com.qa.testSCripts.TC_HomePage" name="verifyChooseYourPlaceMenue" time="0.000"/>
  <system-out/>
  <testcase classname="com.qa.testSCripts.TC_HomePage" name="verifyUmrahToursMenue" time="0.000"/>
  <system-out/>
  <testcase classname="com.qa.testSCripts.TC_HomePage" name="verifyBusinessEssentialsMenue" time="0.000"/>
  <system-out/>
  <testcase classname="com.qa.testSCripts.TC_HomePage" name="verifyVisaServicesMenue" time="0.000"/>
  <system-out/>
  <testcase classname="com.qa.testSCripts.TC_HomePage" name="verifyFooterMenue" time="0.000"/>
  <system-out/>
</testsuite> <!-- com.qa.testSCripts.TC_HomePage -->
