<?xml version="1.0" encoding="UTF-8"?>
<!-- Generated by org.testng.reporters.JUnitReportReporter -->
<testsuite hostname="Anees" failures="0" tests="7" name="com.qa.testSCripts.HomePageTest" time="12.310" errors="0" timestamp="2024-09-01T15:16:37 IST" skipped="0">
  <testcase classname="com.qa.testSCripts.HomePageTest" name="verifyHeaderMenue" time="9.770"/>
  <system-out/>
  <testcase classname="com.qa.testSCripts.HomePageTest" name="verifyHeroWidgetMenue" time="0.056"/>
  <system-out>
    <![CDATA[User able to see Umrah package Title and Sub Title
User clicked on Contact us button in hero widget module]]>
  </system-out>
  <testcase classname="com.qa.testSCripts.HomePageTest" name="verifyGrowExponentiallyMenue" time="2.469"/>
  <system-out>
    <![CDATA[User able to see Title and Sub Title ]]>
  </system-out>
  <testcase classname="com.qa.testSCripts.HomePageTest" name="verifyOurServicesMenue" time="0.000"/>
  <system-out/>
  <testcase classname="com.qa.testSCripts.HomePageTest" name="verifyAboutMenue" time="0.000"/>
  <system-out/>
  <testcase classname="com.qa.testSCripts.HomePageTest" name="verifyFooterMenue" time="0.000"/>
  <system-out/>
  <testcase classname="com.qa.testSCripts.HomePageTest" name="verifyFooterMenue2" time="0.015"/>
  <system-out/>
</testsuite> <!-- com.qa.testSCripts.HomePageTest -->
