<?xml version="1.0" encoding="UTF-8"?>
<!-- Generated by org.testng.reporters.JUnitReportReporter -->
<testsuite hostname="Anees" failures="0" tests="6" name="com.qa.testSCripts.TC_HomePage" time="36.553" errors="0" timestamp="2024-10-12T13:34:16 IST" skipped="0">
  <testcase classname="com.qa.testSCripts.TC_HomePage" name="verifyNavigationMenue" time="14.326"/>
  <system-out>
    <![CDATA[User landed On Home Page
User clicked on the Visa Services
User clicked on the Visa Services
User clicked on the Business Services
User clicked on the Contact Services
User landed back to Home Page]]>
  </system-out>
  <testcase classname="com.qa.testSCripts.TC_HomePage" name="verifyHeroWidgetMenue" time="0.072"/>
  <system-out>
    <![CDATA[User able to see Umrah package Title and Sub Title
User clicked on Contact us button in hero widget module]]>
  </system-out>
  <testcase classname="com.qa.testSCripts.TC_HomePage" name="verifyGrowExponentiallyMenue" time="2.534"/>
  <system-out>
    <![CDATA[User able to see Title and Sub Title ]]>
  </system-out>
  <testcase classname="com.qa.testSCripts.TC_HomePage" name="verifyOurServices" time="12.906"/>
  <system-out/>
  <testcase classname="com.qa.testSCripts.TC_HomePage" name="verifyAboutSection" time="3.296"/>
  <system-out/>
  <testcase classname="com.qa.testSCripts.TC_HomePage" name="verifyFooterMenue" time="3.419"/>
  <system-out/>
</testsuite> <!-- com.qa.testSCripts.TC_HomePage -->
