<?xml version="1.0" encoding="UTF-8"?>
<!-- Generated by org.testng.reporters.JUnitReportReporter -->
<testsuite hostname="Anees" failures="0" tests="1" name="com.qa.testSCripts.HomePageTest" time="11.232" errors="0" timestamp="2024-09-02T23:09:26 IST" skipped="0">
  <testcase classname="com.qa.testSCripts.HomePageTest" name="verifyHeaderMenue" time="11.232"/>
  <system-out/>
</testsuite> <!-- com.qa.testSCripts.HomePageTest -->
