<?xml version="1.0" encoding="UTF-8"?>
<!-- Generated by org.testng.reporters.JUnitReportReporter -->
<testsuite hostname="Anees" failures="0" tests="7" name="com.qa.testSCripts.HomePageTest" time="13.187" errors="0" timestamp="2024-09-03T00:46:52 IST" skipped="0">
  <testcase classname="com.qa.testSCripts.HomePageTest" name="verifyHeaderMenue" time="10.697"/>
  <system-out/>
  <testcase classname="com.qa.testSCripts.HomePageTest" name="verifyHeroWidgetMenue" time="0.050"/>
  <system-out>
    <![CDATA[User able to see Umrah package Title and Sub Title
User clicked on Contact us button in hero widget module]]>
  </system-out>
  <testcase classname="com.qa.testSCripts.HomePageTest" name="verifyGrowExponentiallyMenue" time="2.432"/>
  <system-out>
    <![CDATA[User able to see Title and Sub Title ]]>
  </system-out>
  <testcase classname="com.qa.testSCripts.HomePageTest" name="verifyOurServicesMenue" time="0.002"/>
  <system-out/>
  <testcase classname="com.qa.testSCripts.HomePageTest" name="verifyAboutMenue" time="0.002"/>
  <system-out/>
  <testcase classname="com.qa.testSCripts.HomePageTest" name="verifyFooterMenue" time="0.002"/>
  <system-out/>
  <testcase classname="com.qa.testSCripts.HomePageTest" name="verifyFooterMenue2" time="0.002"/>
  <system-out/>
</testsuite> <!-- com.qa.testSCripts.HomePageTest -->
