<?xml version="1.0" encoding="UTF-8"?>
<!-- Generated by org.testng.reporters.JUnitReportReporter -->
<testsuite hostname="Anees" failures="0" tests="6" name="com.qa.testSCripts.HomePageTest" time="23.026" errors="0" timestamp="2024-09-01T12:55:10 IST" skipped="0">
  <testcase classname="com.qa.testSCripts.HomePageTest" name="verifyHeaderMenue" time="20.529"/>
  <system-out/>
  <testcase classname="com.qa.testSCripts.HomePageTest" name="verifyHeroWidgetMenue" time="0.041"/>
  <system-out>
    <![CDATA[User able to see Umrah package Title and Sub Title
User clicked on Contact us button in hero widget module]]>
  </system-out>
  <testcase classname="com.qa.testSCripts.HomePageTest" name="verifyGrowExponentiallyMenue" time="2.456"/>
  <system-out>
    <![CDATA[User able to see Title and Sub Title ]]>
  </system-out>
  <testcase classname="com.qa.testSCripts.HomePageTest" name="verifyOurServicesMenue" time="0.000"/>
  <system-out/>
  <testcase classname="com.qa.testSCripts.HomePageTest" name="verifyAboutMenue" time="0.000"/>
  <system-out/>
  <testcase classname="com.qa.testSCripts.HomePageTest" name="verifyFooterMenue" time="0.000"/>
  <system-out/>
</testsuite> <!-- com.qa.testSCripts.HomePageTest -->
