<?xml version="1.0" encoding="UTF-8"?>
<!-- Generated by org.testng.reporters.JUnitReportReporter -->
<testsuite hostname="Anees" failures="0" tests="3" name="com.qa.testSCripts.BusinessSetUpTest" time="0.004" errors="0" timestamp="2024-09-01T12:55:10 IST" skipped="0">
  <testcase classname="com.qa.testSCripts.BusinessSetUpTest" name="verifyNewBusinessSetupSection" time="0.003"/>
  <system-out/>
  <testcase classname="com.qa.testSCripts.BusinessSetUpTest" name="verifyTranslationServiceSection" time="0.000"/>
  <system-out/>
  <testcase classname="com.qa.testSCripts.BusinessSetUpTest" name="verifyAttestationSection" time="0.001"/>
  <system-out/>
</testsuite> <!-- com.qa.testSCripts.BusinessSetUpTest -->
