<?xml version="1.0" encoding="UTF-8"?>
<!-- Generated by org.testng.reporters.JUnitReportReporter -->
<testsuite hostname="Anees" failures="0" tests="3" name="com.qa.testSCripts.VisaServiceTest" time="0.004" errors="0" timestamp="2024-09-01T12:55:10 IST" skipped="0">
  <testcase classname="com.qa.testSCripts.VisaServiceTest" name="verifyVisitVisa" time="0.001"/>
  <system-out/>
  <testcase classname="com.qa.testSCripts.VisaServiceTest" name="verifyFamilVisa" time="0.001"/>
  <system-out/>
  <testcase classname="com.qa.testSCripts.VisaServiceTest" name="verifyVisaChangeByAir" time="0.002"/>
  <system-out/>
</testsuite> <!-- com.qa.testSCripts.VisaServiceTest -->
