<?xml version="1.0" encoding="UTF-8"?>
<!-- Generated by org.testng.reporters.JUnitReportReporter -->
<testsuite hostname="Anees" failures="0" tests="3" name="com.qa.testSCripts.UmrahPackageTest" time="0.002" errors="0" timestamp="2024-09-01T12:55:10 IST" skipped="0">
  <testcase classname="com.qa.testSCripts.UmrahPackageTest" name="verifyUmrahByBus" time="0.000"/>
  <system-out/>
  <testcase classname="com.qa.testSCripts.UmrahPackageTest" name="verifyUmrahByAir" time="0.001"/>
  <system-out/>
  <testcase classname="com.qa.testSCripts.UmrahPackageTest" name="verifyUmrahByAirWithLuxuary" time="0.001"/>
  <system-out/>
</testsuite> <!-- com.qa.testSCripts.UmrahPackageTest -->
